<?xml version="1.0" encoding="UTF-8"?>
<!-- Generated by org.testng.reporters.JUnitReportReporter -->
<testsuite skipped="0" hostname="M497" name="RestApiDemo" tests="1" failures="0" timestamp="30 Dec 2019 19:38:32 GMT" time="1.892" errors="0">
  <testcase name="test" time="1.892" classname="RestApiDemo"/>
</testsuite> <!-- RestApiDemo -->
