<?xml version="1.0" encoding="UTF-8"?>
<!-- Generated by org.testng.reporters.JUnitReportReporter -->
<testsuite skipped="0" hostname="M497" name="com.ApiMethods.PostMethod" tests="1" failures="0" timestamp="29 Jan 2020 06:02:04 GMT" time="3.366" errors="0">
  <testcase name="pMethod" time="3.366" classname="com.ApiMethods.PostMethod"/>
</testsuite> <!-- com.ApiMethods.PostMethod -->
